<?xml version="1.0" encoding="UTF-8"?>
<!-- Generated by org.testng.reporters.JUnitReportReporter -->
<testsuite hostname="DESKTOP-1MMARS9" failures="0" tests="4" name="Multiple_bid" time="44.274" errors="4" timestamp="2025-04-11T15:27:57 IST" skipped="0">
  <testcase classname="Multiple_bid" name="OpenBrowser3" time="37.931">
    <error message="Error {
  message=&#039;Target page, context or browser has been closed
  name=&#039;TargetClosedError
  stack=&#039;TargetClosedError:Target page, context or browser has been closed
Error
    at captureRawStack (C:\Users\Clss-35\AppData\Local\Temp\playwright-java-12206253625801418893\package\lib\utils\stackTrace.js:49:17)
    at LongStandingScope._race (C:\Users\Clss-35\AppData\Local\Temp\playwright-java-12206253625801418893\package\lib\utils\manualPromise.js:91:52)
    at LongStandingScope.race (C:\Users\Clss-35\AppData\Local\Temp\playwright-java-12206253625801418893\package\lib\utils\manualPromise.js:84:17)
    at C:\Users\Clss-35\AppData\Local\Temp\playwright-java-12206253625801418893\package\lib\utils\manualPromise.js:81:43
    at Array.map (&lt;anonymous&gt;)
    at LongStandingScope.raceMultiple (C:\Users\Clss-35\AppData\Local\Temp\playwright-java-12206253625801418893\package\lib\utils\manualPromise.js:81:32)
    at Frame.retryWithProgressAndTimeouts (C:\Users\Clss-35\AppData\Local\Temp\playwright-java-12206253625801418893\package\lib\server\frames.js:919:40)
    at async C:\Users\Clss-35\AppData\Local\Temp\playwright-java-12206253625801418893\package\lib\server\frames.js:1008:29
    at async ProgressController.run (C:\Users\Clss-35\AppData\Local\Temp\playwright-java-12206253625801418893\package\lib\server\progress.js:82:22)
    at async FrameDispatcher.click (C:\Users\Clss-35\AppData\Local\Temp\playwright-java-12206253625801418893\package\lib\server\dispatchers\frameDispatcher.js:157:12)
    at async LongStandingScope._race (C:\Users\Clss-35\AppData\Local\Temp\playwright-java-12206253625801418893\package\lib\utils\manualPromise.js:96:14)
    at async FrameDispatcher._handleCommand (C:\Users\Clss-35\AppData\Local\Temp\playwright-java-12206253625801418893\package\lib\server\dispatchers\dispatcher.js:96:14)
    at async DispatcherConnection.dispatch (C:\Users\Clss-35\AppData\Local\Temp\playwright-java-12206253625801418893\package\lib\server\dispatchers\dispatcher.js:361:22)
}
Call log:
- waiting for getByRole(AriaRole.LINK, new Page.GetByRoleOptions().setName(&quot;H7953&quot;))
" type="com.microsoft.playwright.impl.TargetClosedError">
      <![CDATA[com.microsoft.playwright.impl.TargetClosedError: Error {
  message='Target page, context or browser has been closed
  name='TargetClosedError
  stack='TargetClosedError:Target page, context or browser has been closed
Error
    at captureRawStack (C:\Users\Clss-35\AppData\Local\Temp\playwright-java-12206253625801418893\package\lib\utils\stackTrace.js:49:17)
    at LongStandingScope._race (C:\Users\Clss-35\AppData\Local\Temp\playwright-java-12206253625801418893\package\lib\utils\manualPromise.js:91:52)
    at LongStandingScope.race (C:\Users\Clss-35\AppData\Local\Temp\playwright-java-12206253625801418893\package\lib\utils\manualPromise.js:84:17)
    at C:\Users\Clss-35\AppData\Local\Temp\playwright-java-12206253625801418893\package\lib\utils\manualPromise.js:81:43
    at Array.map (<anonymous>)
    at LongStandingScope.raceMultiple (C:\Users\Clss-35\AppData\Local\Temp\playwright-java-12206253625801418893\package\lib\utils\manualPromise.js:81:32)
    at Frame.retryWithProgressAndTimeouts (C:\Users\Clss-35\AppData\Local\Temp\playwright-java-12206253625801418893\package\lib\server\frames.js:919:40)
    at async C:\Users\Clss-35\AppData\Local\Temp\playwright-java-12206253625801418893\package\lib\server\frames.js:1008:29
    at async ProgressController.run (C:\Users\Clss-35\AppData\Local\Temp\playwright-java-12206253625801418893\package\lib\server\progress.js:82:22)
    at async FrameDispatcher.click (C:\Users\Clss-35\AppData\Local\Temp\playwright-java-12206253625801418893\package\lib\server\dispatchers\frameDispatcher.js:157:12)
    at async LongStandingScope._race (C:\Users\Clss-35\AppData\Local\Temp\playwright-java-12206253625801418893\package\lib\utils\manualPromise.js:96:14)
    at async FrameDispatcher._handleCommand (C:\Users\Clss-35\AppData\Local\Temp\playwright-java-12206253625801418893\package\lib\server\dispatchers\dispatcher.js:96:14)
    at async DispatcherConnection.dispatch (C:\Users\Clss-35\AppData\Local\Temp\playwright-java-12206253625801418893\package\lib\server\dispatchers\dispatcher.js:361:22)
}
Call log:
- waiting for getByRole(AriaRole.LINK, new Page.GetByRoleOptions().setName("H7953"))

at com.microsoft.playwright.impl.WaitableResult.get(WaitableResult.java:54)
at com.microsoft.playwright.impl.ChannelOwner.runUntil(ChannelOwner.java:120)
at com.microsoft.playwright.impl.Connection.sendMessage(Connection.java:130)
at com.microsoft.playwright.impl.ChannelOwner.sendMessage(ChannelOwner.java:106)
at com.microsoft.playwright.impl.FrameImpl.clickImpl(FrameImpl.java:252)
at com.microsoft.playwright.impl.FrameImpl.lambda$click$8(FrameImpl.java:243)
at com.microsoft.playwright.impl.LoggingSupport.lambda$withLogging$0(LoggingSupport.java:36)
at com.microsoft.playwright.impl.LoggingSupport.withLogging(LoggingSupport.java:47)
at com.microsoft.playwright.impl.ChannelOwner.withLogging(ChannelOwner.java:89)
at com.microsoft.playwright.impl.LoggingSupport.withLogging(LoggingSupport.java:35)
at com.microsoft.playwright.impl.FrameImpl.click(FrameImpl.java:243)
at com.microsoft.playwright.impl.LocatorImpl.click(LocatorImpl.java:160)
at com.microsoft.playwright.Locator.click(Locator.java:2406)
at Multiple_bid.lambda$1(Multiple_bid.java:150)
at com.microsoft.playwright.impl.ChannelOwner.runUntil(ChannelOwner.java:116)
at com.microsoft.playwright.impl.PageImpl.waitForEventWithTimeout(PageImpl.java:529)
at com.microsoft.playwright.impl.PageImpl.waitForPopupImpl(PageImpl.java:497)
at com.microsoft.playwright.impl.PageImpl.lambda$waitForPopup$4(PageImpl.java:490)
at com.microsoft.playwright.impl.WaitForEventLogger.lambda$get$0(WaitForEventLogger.java:50)
at com.microsoft.playwright.impl.LoggingSupport.withLogging(LoggingSupport.java:47)
at com.microsoft.playwright.impl.ChannelOwner.withLogging(ChannelOwner.java:89)
at com.microsoft.playwright.impl.WaitForEventLogger.get(WaitForEventLogger.java:41)
at com.microsoft.playwright.impl.ChannelOwner.withWaitLogging(ChannelOwner.java:82)
at com.microsoft.playwright.impl.PageImpl.waitForPopup(PageImpl.java:490)
at com.microsoft.playwright.Page.waitForPopup(Page.java:7795)
at Multiple_bid.OpenBrowser3(Multiple_bid.java:149)
at java.base/jdk.internal.reflect.DirectMethodHandleAccessor.invoke(DirectMethodHandleAccessor.java:103)
at java.base/java.lang.reflect.Method.invoke(Method.java:580)
at org.testng.internal.invokers.MethodInvocationHelper.invokeMethod(MethodInvocationHelper.java:139)
at org.testng.internal.invokers.TestInvoker.invokeMethod(TestInvoker.java:677)
at org.testng.internal.invokers.TestInvoker.invokeTestMethod(TestInvoker.java:221)
at org.testng.internal.invokers.MethodRunner.runInSequence(MethodRunner.java:50)
at org.testng.internal.invokers.TestInvoker$MethodInvocationAgent.invoke(TestInvoker.java:969)
at org.testng.internal.invokers.TestInvoker.invokeTestMethods(TestInvoker.java:194)
at org.testng.internal.invokers.TestMethodWorker.invokeTestMethods(TestMethodWorker.java:148)
at org.testng.internal.invokers.TestMethodWorker.run(TestMethodWorker.java:128)
at java.base/java.util.ArrayList.forEach(ArrayList.java:1597)
at org.testng.TestRunner.privateRun(TestRunner.java:829)
at org.testng.TestRunner.run(TestRunner.java:602)
at org.testng.SuiteRunner.runTest(SuiteRunner.java:437)
at org.testng.SuiteRunner.runSequentially(SuiteRunner.java:431)
at org.testng.SuiteRunner.privateRun(SuiteRunner.java:391)
at org.testng.SuiteRunner.run(SuiteRunner.java:330)
at org.testng.SuiteRunnerWorker.runSuite(SuiteRunnerWorker.java:52)
at org.testng.SuiteRunnerWorker.run(SuiteRunnerWorker.java:95)
at org.testng.TestNG.runSuitesSequentially(TestNG.java:1256)
at org.testng.TestNG.runSuitesLocally(TestNG.java:1176)
at org.testng.TestNG.runSuites(TestNG.java:1099)
at org.testng.TestNG.run(TestNG.java:1067)
at org.apache.maven.surefire.testng.TestNGExecutor.run(TestNGExecutor.java:155)
at org.apache.maven.surefire.testng.TestNGDirectoryTestSuite.executeSingleClass(TestNGDirectoryTestSuite.java:102)
at org.apache.maven.surefire.testng.TestNGDirectoryTestSuite.execute(TestNGDirectoryTestSuite.java:91)
at org.apache.maven.surefire.testng.TestNGProvider.invoke(TestNGProvider.java:137)
at org.apache.maven.surefire.booter.ForkedBooter.runSuitesInProcess(ForkedBooter.java:385)
at org.apache.maven.surefire.booter.ForkedBooter.execute(ForkedBooter.java:162)
at org.apache.maven.surefire.booter.ForkedBooter.run(ForkedBooter.java:507)
at org.apache.maven.surefire.booter.ForkedBooter.main(ForkedBooter.java:495)
Caused by: com.microsoft.playwright.impl.TargetClosedError: Error {
  message='Target page, context or browser has been closed
  name='TargetClosedError
  stack='TargetClosedError:Target page, context or browser has been closed
Error
    at captureRawStack (C:\Users\Clss-35\AppData\Local\Temp\playwright-java-12206253625801418893\package\lib\utils\stackTrace.js:49:17)
    at LongStandingScope._race (C:\Users\Clss-35\AppData\Local\Temp\playwright-java-12206253625801418893\package\lib\utils\manualPromise.js:91:52)
    at LongStandingScope.race (C:\Users\Clss-35\AppData\Local\Temp\playwright-java-12206253625801418893\package\lib\utils\manualPromise.js:84:17)
    at C:\Users\Clss-35\AppData\Local\Temp\playwright-java-12206253625801418893\package\lib\utils\manualPromise.js:81:43
    at Array.map (<anonymous>)
    at LongStandingScope.raceMultiple (C:\Users\Clss-35\AppData\Local\Temp\playwright-java-12206253625801418893\package\lib\utils\manualPromise.js:81:32)
    at Frame.retryWithProgressAndTimeouts (C:\Users\Clss-35\AppData\Local\Temp\playwright-java-12206253625801418893\package\lib\server\frames.js:919:40)
    at async C:\Users\Clss-35\AppData\Local\Temp\playwright-java-12206253625801418893\package\lib\server\frames.js:1008:29
    at async ProgressController.run (C:\Users\Clss-35\AppData\Local\Temp\playwright-java-12206253625801418893\package\lib\server\progress.js:82:22)
    at async FrameDispatcher.click (C:\Users\Clss-35\AppData\Local\Temp\playwright-java-12206253625801418893\package\lib\server\dispatchers\frameDispatcher.js:157:12)
    at async LongStandingScope._race (C:\Users\Clss-35\AppData\Local\Temp\playwright-java-12206253625801418893\package\lib\utils\manualPromise.js:96:14)
    at async FrameDispatcher._handleCommand (C:\Users\Clss-35\AppData\Local\Temp\playwright-java-12206253625801418893\package\lib\server\dispatchers\dispatcher.js:96:14)
    at async DispatcherConnection.dispatch (C:\Users\Clss-35\AppData\Local\Temp\playwright-java-12206253625801418893\package\lib\server\dispatchers\dispatcher.js:361:22)
}
Call log:
- waiting for getByRole(AriaRole.LINK, new Page.GetByRoleOptions().setName("H7953"))

at com.microsoft.playwright.impl.Connection.dispatch(Connection.java:256)
at com.microsoft.playwright.impl.Connection.processOneMessage(Connection.java:211)
at com.microsoft.playwright.impl.ChannelOwner.runUntil(ChannelOwner.java:118)
... 55 more
]]>
    </error>
  </testcase> <!-- OpenBrowser3 -->
  <system-out/>
  <testcase classname="Multiple_bid" name="OpenBrowser4" time="2.569">
    <error message="Error {
  message=&#039;Target page, context or browser has been closed
  name=&#039;TargetClosedError
  stack=&#039;TargetClosedError:Target page, context or browser has been closed
Error
    at captureRawStack (C:\Users\Clss-35\AppData\Local\Temp\playwright-java-12206253625801418893\package\lib\utils\stackTrace.js:49:17)
    at LongStandingScope._race (C:\Users\Clss-35\AppData\Local\Temp\playwright-java-12206253625801418893\package\lib\utils\manualPromise.js:91:52)
    at LongStandingScope.race (C:\Users\Clss-35\AppData\Local\Temp\playwright-java-12206253625801418893\package\lib\utils\manualPromise.js:84:17)
    at FrameDispatcher._handleCommand (C:\Users\Clss-35\AppData\Local\Temp\playwright-java-12206253625801418893\package\lib\server\dispatchers\dispatcher.js:96:36)
    at DispatcherConnection.dispatch (C:\Users\Clss-35\AppData\Local\Temp\playwright-java-12206253625801418893\package\lib\server\dispatchers\dispatcher.js:361:39)
}
Call log:
- navigating to &quot;https://concetto-web.jobalots.com/en/login?currency=eur&quot;, waiting until &quot;load&quot;
" type="com.microsoft.playwright.impl.TargetClosedError">
      <![CDATA[com.microsoft.playwright.impl.TargetClosedError: Error {
  message='Target page, context or browser has been closed
  name='TargetClosedError
  stack='TargetClosedError:Target page, context or browser has been closed
Error
    at captureRawStack (C:\Users\Clss-35\AppData\Local\Temp\playwright-java-12206253625801418893\package\lib\utils\stackTrace.js:49:17)
    at LongStandingScope._race (C:\Users\Clss-35\AppData\Local\Temp\playwright-java-12206253625801418893\package\lib\utils\manualPromise.js:91:52)
    at LongStandingScope.race (C:\Users\Clss-35\AppData\Local\Temp\playwright-java-12206253625801418893\package\lib\utils\manualPromise.js:84:17)
    at FrameDispatcher._handleCommand (C:\Users\Clss-35\AppData\Local\Temp\playwright-java-12206253625801418893\package\lib\server\dispatchers\dispatcher.js:96:36)
    at DispatcherConnection.dispatch (C:\Users\Clss-35\AppData\Local\Temp\playwright-java-12206253625801418893\package\lib\server\dispatchers\dispatcher.js:361:39)
}
Call log:
- navigating to "https://concetto-web.jobalots.com/en/login?currency=eur", waiting until "load"

at com.microsoft.playwright.impl.WaitableResult.get(WaitableResult.java:54)
at com.microsoft.playwright.impl.ChannelOwner.runUntil(ChannelOwner.java:120)
at com.microsoft.playwright.impl.Connection.sendMessage(Connection.java:130)
at com.microsoft.playwright.impl.ChannelOwner.sendMessage(ChannelOwner.java:106)
at com.microsoft.playwright.impl.FrameImpl.navigateImpl(FrameImpl.java:463)
at com.microsoft.playwright.impl.PageImpl.lambda$navigate$46(PageImpl.java:932)
at com.microsoft.playwright.impl.LoggingSupport.withLogging(LoggingSupport.java:47)
at com.microsoft.playwright.impl.ChannelOwner.withLogging(ChannelOwner.java:89)
at com.microsoft.playwright.impl.PageImpl.navigate(PageImpl.java:932)
at com.microsoft.playwright.impl.PageImpl.navigate(PageImpl.java:42)
at com.microsoft.playwright.Page.navigate(Page.java:5446)
at Multiple_bid.OpenBrowser4(Multiple_bid.java:196)
at java.base/jdk.internal.reflect.DirectMethodHandleAccessor.invoke(DirectMethodHandleAccessor.java:103)
at java.base/java.lang.reflect.Method.invoke(Method.java:580)
at org.testng.internal.invokers.MethodInvocationHelper.invokeMethod(MethodInvocationHelper.java:139)
at org.testng.internal.invokers.TestInvoker.invokeMethod(TestInvoker.java:677)
at org.testng.internal.invokers.TestInvoker.invokeTestMethod(TestInvoker.java:221)
at org.testng.internal.invokers.MethodRunner.runInSequence(MethodRunner.java:50)
at org.testng.internal.invokers.TestInvoker$MethodInvocationAgent.invoke(TestInvoker.java:969)
at org.testng.internal.invokers.TestInvoker.invokeTestMethods(TestInvoker.java:194)
at org.testng.internal.invokers.TestMethodWorker.invokeTestMethods(TestMethodWorker.java:148)
at org.testng.internal.invokers.TestMethodWorker.run(TestMethodWorker.java:128)
at java.base/java.util.ArrayList.forEach(ArrayList.java:1597)
at org.testng.TestRunner.privateRun(TestRunner.java:829)
at org.testng.TestRunner.run(TestRunner.java:602)
at org.testng.SuiteRunner.runTest(SuiteRunner.java:437)
at org.testng.SuiteRunner.runSequentially(SuiteRunner.java:431)
at org.testng.SuiteRunner.privateRun(SuiteRunner.java:391)
at org.testng.SuiteRunner.run(SuiteRunner.java:330)
at org.testng.SuiteRunnerWorker.runSuite(SuiteRunnerWorker.java:52)
at org.testng.SuiteRunnerWorker.run(SuiteRunnerWorker.java:95)
at org.testng.TestNG.runSuitesSequentially(TestNG.java:1256)
at org.testng.TestNG.runSuitesLocally(TestNG.java:1176)
at org.testng.TestNG.runSuites(TestNG.java:1099)
at org.testng.TestNG.run(TestNG.java:1067)
at org.apache.maven.surefire.testng.TestNGExecutor.run(TestNGExecutor.java:155)
at org.apache.maven.surefire.testng.TestNGDirectoryTestSuite.executeSingleClass(TestNGDirectoryTestSuite.java:102)
at org.apache.maven.surefire.testng.TestNGDirectoryTestSuite.execute(TestNGDirectoryTestSuite.java:91)
at org.apache.maven.surefire.testng.TestNGProvider.invoke(TestNGProvider.java:137)
at org.apache.maven.surefire.booter.ForkedBooter.runSuitesInProcess(ForkedBooter.java:385)
at org.apache.maven.surefire.booter.ForkedBooter.execute(ForkedBooter.java:162)
at org.apache.maven.surefire.booter.ForkedBooter.run(ForkedBooter.java:507)
at org.apache.maven.surefire.booter.ForkedBooter.main(ForkedBooter.java:495)
Caused by: com.microsoft.playwright.impl.TargetClosedError: Error {
  message='Target page, context or browser has been closed
  name='TargetClosedError
  stack='TargetClosedError:Target page, context or browser has been closed
Error
    at captureRawStack (C:\Users\Clss-35\AppData\Local\Temp\playwright-java-12206253625801418893\package\lib\utils\stackTrace.js:49:17)
    at LongStandingScope._race (C:\Users\Clss-35\AppData\Local\Temp\playwright-java-12206253625801418893\package\lib\utils\manualPromise.js:91:52)
    at LongStandingScope.race (C:\Users\Clss-35\AppData\Local\Temp\playwright-java-12206253625801418893\package\lib\utils\manualPromise.js:84:17)
    at FrameDispatcher._handleCommand (C:\Users\Clss-35\AppData\Local\Temp\playwright-java-12206253625801418893\package\lib\server\dispatchers\dispatcher.js:96:36)
    at DispatcherConnection.dispatch (C:\Users\Clss-35\AppData\Local\Temp\playwright-java-12206253625801418893\package\lib\server\dispatchers\dispatcher.js:361:39)
}
Call log:
- navigating to "https://concetto-web.jobalots.com/en/login?currency=eur", waiting until "load"

at com.microsoft.playwright.impl.Connection.dispatch(Connection.java:256)
at com.microsoft.playwright.impl.Connection.processOneMessage(Connection.java:211)
at com.microsoft.playwright.impl.ChannelOwner.runUntil(ChannelOwner.java:118)
... 41 more
]]>
    </error>
  </testcase> <!-- OpenBrowser4 -->
  <system-out/>
  <testcase classname="Multiple_bid" name="OpenBrowser5" time="1.715">
    <error message="Error {
  message=&#039;net::ERR_ABORTED; maybe frame was detached?
  name=&#039;Error
  stack=&#039;Error: net::ERR_ABORTED; maybe frame was detached?
    at FrameManager.frameAbortedNavigation (C:\Users\Clss-35\AppData\Local\Temp\playwright-java-12206253625801418893\package\lib\server\frames.js:216:14)
    at FrameManager.requestFailed (C:\Users\Clss-35\AppData\Local\Temp\playwright-java-12206253625801418893\package\lib\server\frames.js:276:12)
    at CRNetworkManager._onLoadingFailed (C:\Users\Clss-35\AppData\Local\Temp\playwright-java-12206253625801418893\package\lib\server\chromium\crNetworkManager.js:517:134)
    at CRSession.emit (node:events:519:28)
    at C:\Users\Clss-35\AppData\Local\Temp\playwright-java-12206253625801418893\package\lib\server\chromium\crConnection.js:160:14
}
Call log:
- navigating to &quot;https://concetto-web.jobalots.com/en/login?currency=eur&quot;, waiting until &quot;load&quot;
" type="com.microsoft.playwright.PlaywrightException">
      <![CDATA[com.microsoft.playwright.PlaywrightException: Error {
  message='net::ERR_ABORTED; maybe frame was detached?
  name='Error
  stack='Error: net::ERR_ABORTED; maybe frame was detached?
    at FrameManager.frameAbortedNavigation (C:\Users\Clss-35\AppData\Local\Temp\playwright-java-12206253625801418893\package\lib\server\frames.js:216:14)
    at FrameManager.requestFailed (C:\Users\Clss-35\AppData\Local\Temp\playwright-java-12206253625801418893\package\lib\server\frames.js:276:12)
    at CRNetworkManager._onLoadingFailed (C:\Users\Clss-35\AppData\Local\Temp\playwright-java-12206253625801418893\package\lib\server\chromium\crNetworkManager.js:517:134)
    at CRSession.emit (node:events:519:28)
    at C:\Users\Clss-35\AppData\Local\Temp\playwright-java-12206253625801418893\package\lib\server\chromium\crConnection.js:160:14
}
Call log:
- navigating to "https://concetto-web.jobalots.com/en/login?currency=eur", waiting until "load"

at com.microsoft.playwright.impl.WaitableResult.get(WaitableResult.java:56)
at com.microsoft.playwright.impl.ChannelOwner.runUntil(ChannelOwner.java:120)
at com.microsoft.playwright.impl.Connection.sendMessage(Connection.java:130)
at com.microsoft.playwright.impl.ChannelOwner.sendMessage(ChannelOwner.java:106)
at com.microsoft.playwright.impl.FrameImpl.navigateImpl(FrameImpl.java:463)
at com.microsoft.playwright.impl.PageImpl.lambda$navigate$46(PageImpl.java:932)
at com.microsoft.playwright.impl.LoggingSupport.withLogging(LoggingSupport.java:47)
at com.microsoft.playwright.impl.ChannelOwner.withLogging(ChannelOwner.java:89)
at com.microsoft.playwright.impl.PageImpl.navigate(PageImpl.java:932)
at com.microsoft.playwright.impl.PageImpl.navigate(PageImpl.java:42)
at com.microsoft.playwright.Page.navigate(Page.java:5446)
at Multiple_bid.OpenBrowser5(Multiple_bid.java:253)
at java.base/jdk.internal.reflect.DirectMethodHandleAccessor.invoke(DirectMethodHandleAccessor.java:103)
at java.base/java.lang.reflect.Method.invoke(Method.java:580)
at org.testng.internal.invokers.MethodInvocationHelper.invokeMethod(MethodInvocationHelper.java:139)
at org.testng.internal.invokers.TestInvoker.invokeMethod(TestInvoker.java:677)
at org.testng.internal.invokers.TestInvoker.invokeTestMethod(TestInvoker.java:221)
at org.testng.internal.invokers.MethodRunner.runInSequence(MethodRunner.java:50)
at org.testng.internal.invokers.TestInvoker$MethodInvocationAgent.invoke(TestInvoker.java:969)
at org.testng.internal.invokers.TestInvoker.invokeTestMethods(TestInvoker.java:194)
at org.testng.internal.invokers.TestMethodWorker.invokeTestMethods(TestMethodWorker.java:148)
at org.testng.internal.invokers.TestMethodWorker.run(TestMethodWorker.java:128)
at java.base/java.util.ArrayList.forEach(ArrayList.java:1597)
at org.testng.TestRunner.privateRun(TestRunner.java:829)
at org.testng.TestRunner.run(TestRunner.java:602)
at org.testng.SuiteRunner.runTest(SuiteRunner.java:437)
at org.testng.SuiteRunner.runSequentially(SuiteRunner.java:431)
at org.testng.SuiteRunner.privateRun(SuiteRunner.java:391)
at org.testng.SuiteRunner.run(SuiteRunner.java:330)
at org.testng.SuiteRunnerWorker.runSuite(SuiteRunnerWorker.java:52)
at org.testng.SuiteRunnerWorker.run(SuiteRunnerWorker.java:95)
at org.testng.TestNG.runSuitesSequentially(TestNG.java:1256)
at org.testng.TestNG.runSuitesLocally(TestNG.java:1176)
at org.testng.TestNG.runSuites(TestNG.java:1099)
at org.testng.TestNG.run(TestNG.java:1067)
at org.apache.maven.surefire.testng.TestNGExecutor.run(TestNGExecutor.java:155)
at org.apache.maven.surefire.testng.TestNGDirectoryTestSuite.executeSingleClass(TestNGDirectoryTestSuite.java:102)
at org.apache.maven.surefire.testng.TestNGDirectoryTestSuite.execute(TestNGDirectoryTestSuite.java:91)
at org.apache.maven.surefire.testng.TestNGProvider.invoke(TestNGProvider.java:137)
at org.apache.maven.surefire.booter.ForkedBooter.runSuitesInProcess(ForkedBooter.java:385)
at org.apache.maven.surefire.booter.ForkedBooter.execute(ForkedBooter.java:162)
at org.apache.maven.surefire.booter.ForkedBooter.run(ForkedBooter.java:507)
at org.apache.maven.surefire.booter.ForkedBooter.main(ForkedBooter.java:495)
Caused by: com.microsoft.playwright.impl.DriverException: Error {
  message='net::ERR_ABORTED; maybe frame was detached?
  name='Error
  stack='Error: net::ERR_ABORTED; maybe frame was detached?
    at FrameManager.frameAbortedNavigation (C:\Users\Clss-35\AppData\Local\Temp\playwright-java-12206253625801418893\package\lib\server\frames.js:216:14)
    at FrameManager.requestFailed (C:\Users\Clss-35\AppData\Local\Temp\playwright-java-12206253625801418893\package\lib\server\frames.js:276:12)
    at CRNetworkManager._onLoadingFailed (C:\Users\Clss-35\AppData\Local\Temp\playwright-java-12206253625801418893\package\lib\server\chromium\crNetworkManager.js:517:134)
    at CRSession.emit (node:events:519:28)
    at C:\Users\Clss-35\AppData\Local\Temp\playwright-java-12206253625801418893\package\lib\server\chromium\crConnection.js:160:14
}
Call log:
- navigating to "https://concetto-web.jobalots.com/en/login?currency=eur", waiting until "load"

at com.microsoft.playwright.impl.Connection.dispatch(Connection.java:259)
at com.microsoft.playwright.impl.Connection.processOneMessage(Connection.java:211)
at com.microsoft.playwright.impl.ChannelOwner.runUntil(ChannelOwner.java:118)
... 41 more
]]>
    </error>
  </testcase> <!-- OpenBrowser5 -->
  <system-out/>
  <testcase classname="Multiple_bid" name="OpenBrowser6" time="2.059">
    <error message="Error {
  message=&#039;net::ERR_ABORTED; maybe frame was detached?
  name=&#039;Error
  stack=&#039;Error: net::ERR_ABORTED; maybe frame was detached?
    at FrameManager.frameAbortedNavigation (C:\Users\Clss-35\AppData\Local\Temp\playwright-java-12206253625801418893\package\lib\server\frames.js:216:14)
    at FrameManager.requestFailed (C:\Users\Clss-35\AppData\Local\Temp\playwright-java-12206253625801418893\package\lib\server\frames.js:276:12)
    at CRNetworkManager._onLoadingFailed (C:\Users\Clss-35\AppData\Local\Temp\playwright-java-12206253625801418893\package\lib\server\chromium\crNetworkManager.js:517:134)
    at CRSession.emit (node:events:519:28)
    at C:\Users\Clss-35\AppData\Local\Temp\playwright-java-12206253625801418893\package\lib\server\chromium\crConnection.js:160:14
}
Call log:
- navigating to &quot;https://concetto-web.jobalots.com/en/login?currency=eur&quot;, waiting until &quot;load&quot;
" type="com.microsoft.playwright.PlaywrightException">
      <![CDATA[com.microsoft.playwright.PlaywrightException: Error {
  message='net::ERR_ABORTED; maybe frame was detached?
  name='Error
  stack='Error: net::ERR_ABORTED; maybe frame was detached?
    at FrameManager.frameAbortedNavigation (C:\Users\Clss-35\AppData\Local\Temp\playwright-java-12206253625801418893\package\lib\server\frames.js:216:14)
    at FrameManager.requestFailed (C:\Users\Clss-35\AppData\Local\Temp\playwright-java-12206253625801418893\package\lib\server\frames.js:276:12)
    at CRNetworkManager._onLoadingFailed (C:\Users\Clss-35\AppData\Local\Temp\playwright-java-12206253625801418893\package\lib\server\chromium\crNetworkManager.js:517:134)
    at CRSession.emit (node:events:519:28)
    at C:\Users\Clss-35\AppData\Local\Temp\playwright-java-12206253625801418893\package\lib\server\chromium\crConnection.js:160:14
}
Call log:
- navigating to "https://concetto-web.jobalots.com/en/login?currency=eur", waiting until "load"

at com.microsoft.playwright.impl.WaitableResult.get(WaitableResult.java:56)
at com.microsoft.playwright.impl.ChannelOwner.runUntil(ChannelOwner.java:120)
at com.microsoft.playwright.impl.Connection.sendMessage(Connection.java:130)
at com.microsoft.playwright.impl.ChannelOwner.sendMessage(ChannelOwner.java:106)
at com.microsoft.playwright.impl.FrameImpl.navigateImpl(FrameImpl.java:463)
at com.microsoft.playwright.impl.PageImpl.lambda$navigate$46(PageImpl.java:932)
at com.microsoft.playwright.impl.LoggingSupport.withLogging(LoggingSupport.java:47)
at com.microsoft.playwright.impl.ChannelOwner.withLogging(ChannelOwner.java:89)
at com.microsoft.playwright.impl.PageImpl.navigate(PageImpl.java:932)
at com.microsoft.playwright.impl.PageImpl.navigate(PageImpl.java:42)
at com.microsoft.playwright.Page.navigate(Page.java:5446)
at Multiple_bid.OpenBrowser6(Multiple_bid.java:300)
at java.base/jdk.internal.reflect.DirectMethodHandleAccessor.invoke(DirectMethodHandleAccessor.java:103)
at java.base/java.lang.reflect.Method.invoke(Method.java:580)
at org.testng.internal.invokers.MethodInvocationHelper.invokeMethod(MethodInvocationHelper.java:139)
at org.testng.internal.invokers.TestInvoker.invokeMethod(TestInvoker.java:677)
at org.testng.internal.invokers.TestInvoker.invokeTestMethod(TestInvoker.java:221)
at org.testng.internal.invokers.MethodRunner.runInSequence(MethodRunner.java:50)
at org.testng.internal.invokers.TestInvoker$MethodInvocationAgent.invoke(TestInvoker.java:969)
at org.testng.internal.invokers.TestInvoker.invokeTestMethods(TestInvoker.java:194)
at org.testng.internal.invokers.TestMethodWorker.invokeTestMethods(TestMethodWorker.java:148)
at org.testng.internal.invokers.TestMethodWorker.run(TestMethodWorker.java:128)
at java.base/java.util.ArrayList.forEach(ArrayList.java:1597)
at org.testng.TestRunner.privateRun(TestRunner.java:829)
at org.testng.TestRunner.run(TestRunner.java:602)
at org.testng.SuiteRunner.runTest(SuiteRunner.java:437)
at org.testng.SuiteRunner.runSequentially(SuiteRunner.java:431)
at org.testng.SuiteRunner.privateRun(SuiteRunner.java:391)
at org.testng.SuiteRunner.run(SuiteRunner.java:330)
at org.testng.SuiteRunnerWorker.runSuite(SuiteRunnerWorker.java:52)
at org.testng.SuiteRunnerWorker.run(SuiteRunnerWorker.java:95)
at org.testng.TestNG.runSuitesSequentially(TestNG.java:1256)
at org.testng.TestNG.runSuitesLocally(TestNG.java:1176)
at org.testng.TestNG.runSuites(TestNG.java:1099)
at org.testng.TestNG.run(TestNG.java:1067)
at org.apache.maven.surefire.testng.TestNGExecutor.run(TestNGExecutor.java:155)
at org.apache.maven.surefire.testng.TestNGDirectoryTestSuite.executeSingleClass(TestNGDirectoryTestSuite.java:102)
at org.apache.maven.surefire.testng.TestNGDirectoryTestSuite.execute(TestNGDirectoryTestSuite.java:91)
at org.apache.maven.surefire.testng.TestNGProvider.invoke(TestNGProvider.java:137)
at org.apache.maven.surefire.booter.ForkedBooter.runSuitesInProcess(ForkedBooter.java:385)
at org.apache.maven.surefire.booter.ForkedBooter.execute(ForkedBooter.java:162)
at org.apache.maven.surefire.booter.ForkedBooter.run(ForkedBooter.java:507)
at org.apache.maven.surefire.booter.ForkedBooter.main(ForkedBooter.java:495)
Caused by: com.microsoft.playwright.impl.DriverException: Error {
  message='net::ERR_ABORTED; maybe frame was detached?
  name='Error
  stack='Error: net::ERR_ABORTED; maybe frame was detached?
    at FrameManager.frameAbortedNavigation (C:\Users\Clss-35\AppData\Local\Temp\playwright-java-12206253625801418893\package\lib\server\frames.js:216:14)
    at FrameManager.requestFailed (C:\Users\Clss-35\AppData\Local\Temp\playwright-java-12206253625801418893\package\lib\server\frames.js:276:12)
    at CRNetworkManager._onLoadingFailed (C:\Users\Clss-35\AppData\Local\Temp\playwright-java-12206253625801418893\package\lib\server\chromium\crNetworkManager.js:517:134)
    at CRSession.emit (node:events:519:28)
    at C:\Users\Clss-35\AppData\Local\Temp\playwright-java-12206253625801418893\package\lib\server\chromium\crConnection.js:160:14
}
Call log:
- navigating to "https://concetto-web.jobalots.com/en/login?currency=eur", waiting until "load"

at com.microsoft.playwright.impl.Connection.dispatch(Connection.java:259)
at com.microsoft.playwright.impl.Connection.processOneMessage(Connection.java:211)
at com.microsoft.playwright.impl.ChannelOwner.runUntil(ChannelOwner.java:118)
... 41 more
]]>
    </error>
  </testcase> <!-- OpenBrowser6 -->
  <system-out/>
</testsuite> <!-- Multiple_bid -->
